
> frontend@0.1.0 build
> react-scripts build

(node:4164) [DEP0176] DeprecationWarning: fs.F_OK is deprecated, use fs.constants.F_OK instead
(Use `node --trace-deprecation ...` to show where the warning was created)
Creating an optimized production build...
Compiled with warnings.

[eslint] 
src\App.js
  Line 1:1:  Unexpected Unicode BOM (Byte Order Mark)  unicode-bom

src\pages\AboutPage.js
  Line 6:8:  'thetweoImg' is defined but never used  no-unused-vars
  Line 7:8:  'walkingImg' is defined but never used  no-unused-vars
  Line 8:8:  'niceImg' is defined but never used     no-unused-vars

Search for the keywords to learn more about each warning.
To ignore, add // eslint-disable-next-line to the line before.

File sizes after gzip:

  92.94 kB  build\static\js\main.b9a66d2a.js
  1.95 kB   build\static\css\main.37974cca.css

The project was built assuming it is hosted at /.
You can control this with the homepage field in your package.json.

The build folder is ready to be deployed.
You may serve it with a static server:

  npm install -g serve
  serve -s build

Find out more about deployment here:

  https://cra.link/deployment

